0 info it worked if it ends with ok
1 verbose cli [ '/usr/local/bin/node',
1 verbose cli   '/usr/local/bin/npm',
1 verbose cli   'run',
1 verbose cli   'start:prod' ]
2 info using npm@2.11.2
3 info using node@v0.12.6
4 verbose run-script [ 'prestart:prod', 'start:prod', 'poststart:prod' ]
5 info prestart:prod tutorial@1.0.0
6 info start:prod tutorial@1.0.0
7 verbose unsafe-perm in lifecycle true
8 info tutorial@1.0.0 Failed to exec start:prod script
9 verbose stack Error: tutorial@1.0.0 start:prod: `npm run build && node server.bundle.js`
9 verbose stack Exit status 1
9 verbose stack     at EventEmitter.<anonymous> (/usr/local/lib/node_modules/npm/lib/utils/lifecycle.js:213:16)
9 verbose stack     at EventEmitter.emit (events.js:110:17)
9 verbose stack     at ChildProcess.<anonymous> (/usr/local/lib/node_modules/npm/lib/utils/spawn.js:24:14)
9 verbose stack     at ChildProcess.emit (events.js:110:17)
9 verbose stack     at maybeClose (child_process.js:1015:16)
9 verbose stack     at Process.ChildProcess._handle.onexit (child_process.js:1087:5)
10 verbose pkgid tutorial@1.0.0
11 verbose cwd /Users/yixuan/project/React-Learning/react-route-example
12 error Darwin 14.5.0
13 error argv "/usr/local/bin/node" "/usr/local/bin/npm" "run" "start:prod"
14 error node v0.12.6
15 error npm  v2.11.2
16 error code ELIFECYCLE
17 error tutorial@1.0.0 start:prod: `npm run build && node server.bundle.js`
17 error Exit status 1
18 error Failed at the tutorial@1.0.0 start:prod script 'npm run build && node server.bundle.js'.
18 error This is most likely a problem with the tutorial package,
18 error not with npm itself.
18 error Tell the author that this fails on your system:
18 error     npm run build && node server.bundle.js
18 error You can get their info via:
18 error     npm owner ls tutorial
18 error There is likely additional logging output above.
19 verbose exit [ 1, true ]
