0 info it worked if it ends with ok
1 verbose cli [ 'node', '/usr/local/bin/npm', 'start' ]
2 info using npm@2.12.1
3 info using node@v0.12.7
4 verbose node symlink /usr/local/bin/node
5 verbose run-script [ 'prestart', 'start', 'poststart' ]
6 info prestart comment-in-react@0.0.1
7 info start comment-in-react@0.0.1
8 verbose unsafe-perm in lifecycle true
9 info comment-in-react@0.0.1 Failed to exec start script
10 verbose stack Error: comment-in-react@0.0.1 start: `node --harmony server`
10 verbose stack Exit status 1
10 verbose stack     at EventEmitter.<anonymous> (/usr/local/lib/node_modules/npm/lib/utils/lifecycle.js:213:16)
10 verbose stack     at EventEmitter.emit (events.js:110:17)
10 verbose stack     at ChildProcess.<anonymous> (/usr/local/lib/node_modules/npm/lib/utils/spawn.js:24:14)
10 verbose stack     at ChildProcess.emit (events.js:110:17)
10 verbose stack     at maybeClose (child_process.js:1015:16)
10 verbose stack     at Process.ChildProcess._handle.onexit (child_process.js:1087:5)
11 verbose pkgid comment-in-react@0.0.1
12 verbose cwd /Users/yixuan/project/React-Learning/comment-in-react
13 error Darwin 14.3.0
14 error argv "node" "/usr/local/bin/npm" "start"
15 error node v0.12.7
16 error npm  v2.12.1
17 error code ELIFECYCLE
18 error comment-in-react@0.0.1 start: `node --harmony server`
18 error Exit status 1
19 error Failed at the comment-in-react@0.0.1 start script 'node --harmony server'.
19 error This is most likely a problem with the comment-in-react package,
19 error not with npm itself.
19 error Tell the author that this fails on your system:
19 error     node --harmony server
19 error You can get their info via:
19 error     npm owner ls comment-in-react
19 error There is likely additional logging output above.
20 verbose exit [ 1, true ]
